This is TeX, Version 3.1415926 (TeX Live 2012/Debian) (format=tex 2013.4.28)  18 MAR 2014 16:18
**mdwtools.ins
(./mdwtools.ins (/usr/share/texlive/texmf-dist/tex/latex/base/docstrip.tex
\blockLevel=\count26
\emptyLines=\count27
\processedLines=\count28
\commentsRemoved=\count29
\commentsPassed=\count30
\codeLinesPassed=\count31
\TotalprocessedLines=\count32
\TotalcommentsRemoved=\count33
\TotalcommentsPassed=\count34
\TotalcodeLinesPassed=\count35
\NumberOfFiles=\count36
\inFile=\read0
\inputcheck=\read1
\@tempcnta=\count37
\off@0=\count38
\off@1=\count39
\off@2=\count40
\off@3=\count41
\off@4=\count42
\off@5=\count43
\off@6=\count44
\off@7=\count45
\off@8=\count46
\off@9=\count47
\off@10=\count48
\off@11=\count49
\off@12=\count50
\off@13=\count51
\off@14=\count52
\off@15=\count53
\@temptokena=\toks12
\@maxfiles=\count54
\@maxoutfiles=\count55

Utility: `docstrip' 2.5d <2005/07/29>
English documentation    <1999/03/31>

**********************************************************
* This program converts documented macro-files into fast *
* loadable files by stripping off (nearly) all comments! *
**********************************************************

********************************************************
* No Configuration file found, using default settings. *
********************************************************

(./mdwtools.ins

Generating file(s) at.sty mdwlist.sty mdwtab.sty syntax.sty mathenv.sty mdwmath
.sty sverb.sty footnote.sty doafter.sty doafter.tex cmtt.sty mTTenc.def mTTcmtt
.fd 
\openout0 = `at.sty'.


Processing file at.dtx (package) -> at.sty
File at.dtx ended by \endinput.
Lines  processed: 749
Comments removed: 545
Comments  passed: 34
Codelines passed: 163

\openout0 = `mdwlist.sty'.


Processing file mdwlist.dtx (package) -> mdwlist.sty
File mdwlist.dtx ended by \endinput.
Lines  processed: 755
Comments removed: 616
Comments  passed: 34
Codelines passed: 98

\openout0 = `mdwtab.sty'.

\openout1 = `mathenv.sty'.


Processing file mdwtab.dtx (mdwtab) -> mdwtab.sty
                           (mathenv) -> mathenv.sty
File mdwtab.dtx ended by \endinput.
Lines  processed: 5440
Comments removed: 4101
Comments  passed: 35
Codelines passed: 1292

\openout1 = `syntax.sty'.


Processing file syntax.dtx (package) -> syntax.sty
File syntax.dtx ended by \endinput.
Lines  processed: 2822
Comments removed: 2083
Comments  passed: 34
Codelines passed: 695

\openout2 = `footnote.sty'.


Processing file footnote.dtx (macro) -> mdwtab.sty
                             (package) -> footnote.sty
File footnote.dtx ended by \endinput.
Lines  processed: 698
Comments removed: 497
Comments  passed: 34
Codelines passed: 154

\openout2 = `doafter.sty'.

\openout3 = `doafter.tex'.


Processing file doafter.dtx (macro) -> mdwtab.sty
                            (macro) -> syntax.sty
                            (package,latex2e) -> doafter.sty
                            (package,plain) -> doafter.tex
File doafter.dtx ended by \endinput.
Lines  processed: 515
Comments removed: 327
Comments  passed: 34
Codelines passed: 139

\openout0 = `mdwmath.sty'.


Processing file mdwmath.dtx (package) -> mdwmath.sty
File mdwmath.dtx ended by \endinput.
Lines  processed: 929
Comments removed: 677
Comments  passed: 34
Codelines passed: 204

\openout0 = `sverb.sty'.


Processing file sverb.dtx (package) -> sverb.sty
File sverb.dtx ended by \endinput.
Lines  processed: 1185
Comments removed: 829
Comments  passed: 34
Codelines passed: 312

\openout0 = `cmtt.sty'.

\openout1 = `mTTenc.def'.

\openout2 = `mTTcmtt.fd'.


Processing file cmtt.dtx (sty) -> cmtt.sty
                         (def) -> mTTenc.def
                         (fd) -> mTTcmtt.fd
File cmtt.dtx ended by \endinput.
Lines  processed: 519
Comments removed: 375
Comments  passed: 34
Codelines passed: 98

Done!
)
Overall statistics:
Files  processed: 9
Lines  processed: 13612
Comments removed: 10050
Comments  passed: 307
Codelines passed: 3155
 ) )
No pages of output.
