This is pdfTeX, Version 3.1415926-2.4-1.40.13 (TeX Live 2012/Debian) (format=latex 2013.4.28)  18 MAR 2014 16:09
entering extended mode
 restricted \write18 enabled.
 %&-line parsing enabled.
**mdwtools/mdwtools.ins
(./mdwtools/mdwtools.ins
LaTeX2e <2011/06/27>
Babel <v3.8m> and hyphenation patterns for english, dumylang, nohyphenation, et
hiopic, farsi, arabic, pinyin, croatian, bulgarian, ukrainian, russian, slovak,
 czech, danish, dutch, usenglishmax, ukenglish, finnish, french, basque, ngerma
n, german, swissgerman, ngerman-x-2012-05-30, german-x-2012-05-30, monogreek, g
reek, ibycus, ancientgreek, hungarian, bengali, tamil, hindi, telugu, gujarati,
 sanskrit, malayalam, kannada, assamese, marathi, oriya, panjabi, italian, lati
n, latvian, lithuanian, mongolian, mongolianlmc, nynorsk, bokmal, indonesian, e
speranto, coptic, welsh, irish, interlingua, serbian, serbianc, slovenian, friu
lan, romansh, estonian, romanian, armenian, uppersorbian, turkish, afrikaans, i
celandic, kurmanji, polish, portuguese, galician, catalan, spanish, swedish, th
ai, loaded.
(/usr/share/texlive/texmf-dist/tex/latex/base/docstrip.tex
\blockLevel=\count79
\emptyLines=\count80
\processedLines=\count81
\commentsRemoved=\count82
\commentsPassed=\count83
\codeLinesPassed=\count84
\TotalprocessedLines=\count85
\TotalcommentsRemoved=\count86
\TotalcommentsPassed=\count87
\TotalcodeLinesPassed=\count88
\NumberOfFiles=\count89
\inFile=\read1
\inputcheck=\read2
\off@0=\count90
\off@1=\count91
\off@2=\count92
\off@3=\count93
\off@4=\count94
\off@5=\count95
\off@6=\count96
\off@7=\count97
\off@8=\count98
\off@9=\count99
\off@10=\count100
\off@11=\count101
\off@12=\count102
\off@13=\count103
\off@14=\count104
\off@15=\count105
\@maxfiles=\count106
\@maxoutfiles=\count107

Utility: `docstrip' 2.5d <2005/07/29>
English documentation    <1999/03/31>

**********************************************************
* This program converts documented macro-files into fast *
* loadable files by stripping off (nearly) all comments! *
**********************************************************

********************************************************
* No Configuration file found, using default settings. *
********************************************************

(/home/jorge/texmf/tex/mdwtools.ins

Generating file(s) ./at.sty ./mdwlist.sty ./mdwtab.sty ./syntax.sty ./mathenv.s
ty ./mdwmath.sty ./sverb.sty ./footnote.sty ./doafter.sty ./doafter.tex ./cmtt.
sty ./mTTenc.def ./mTTcmtt.fd 
\openout0 = `./at.sty'.


Processing file at.dtx (package) -> at.sty
File at.dtx ended by \endinput.
Lines  processed: 749
Comments removed: 545
Comments  passed: 34
Codelines passed: 163

\openout0 = `./mdwlist.sty'.


Processing file mdwlist.dtx (package) -> mdwlist.sty
File mdwlist.dtx ended by \endinput.
Lines  processed: 755
Comments removed: 616
Comments  passed: 34
Codelines passed: 98

\openout0 = `./mdwtab.sty'.

\openout1 = `./mathenv.sty'.


Processing file mdwtab.dtx (mdwtab) -> mdwtab.sty
                           (mathenv) -> mathenv.sty
File mdwtab.dtx ended by \endinput.
Lines  processed: 5440
Comments removed: 4101
Comments  passed: 35
Codelines passed: 1292

\openout1 = `./syntax.sty'.


Processing file syntax.dtx (package) -> syntax.sty
File syntax.dtx ended by \endinput.
Lines  processed: 2822
Comments removed: 2083
Comments  passed: 34
Codelines passed: 695

\openout2 = `./footnote.sty'.


Processing file footnote.dtx (macro) -> mdwtab.sty
                             (package) -> footnote.sty
File footnote.dtx ended by \endinput.
Lines  processed: 698
Comments removed: 497
Comments  passed: 34
Codelines passed: 154

\openout2 = `./doafter.sty'.

\openout3 = `./doafter.tex'.


Processing file doafter.dtx (macro) -> mdwtab.sty
                            (macro) -> syntax.sty
                            (package,latex2e) -> doafter.sty
                            (package,plain) -> doafter.tex
File doafter.dtx ended by \endinput.
Lines  processed: 515
Comments removed: 327
Comments  passed: 34
Codelines passed: 139

\openout0 = `./mdwmath.sty'.


Processing file mdwmath.dtx (package) -> mdwmath.sty
File mdwmath.dtx ended by \endinput.
Lines  processed: 929
Comments removed: 677
Comments  passed: 34
Codelines passed: 204

\openout0 = `./sverb.sty'.


Processing file sverb.dtx (package) -> sverb.sty
File sverb.dtx ended by \endinput.
Lines  processed: 1185
Comments removed: 829
Comments  passed: 34
Codelines passed: 312

\openout0 = `./cmtt.sty'.

\openout1 = `./mTTenc.def'.

\openout2 = `./mTTcmtt.fd'.


Processing file cmtt.dtx (sty) -> cmtt.sty
                         (def) -> mTTenc.def
                         (fd) -> mTTcmtt.fd
File cmtt.dtx ended by \endinput.
Lines  processed: 519
Comments removed: 375
Comments  passed: 34
Codelines passed: 98

Done!
)
Overall statistics:
Files  processed: 9
Lines  processed: 13612
Comments removed: 10050
Comments  passed: 307
Codelines passed: 3155
 ) ) 
Here is how much of TeX's memory you used:
 456 strings out of 493486
 4776 string characters out of 3143549
 55804 words of memory out of 3000000
 3843 multiletter control sequences out of 15000+200000
 3640 words of font info for 14 fonts, out of 3000000 for 9000
 957 hyphenation exceptions out of 8191
 18i,0n,15p,146b,253s stack positions out of 5000i,500n,10000p,200000b,50000s

No pages of output.
